<?xml version="1.0" encoding="UTF-8"?>
<!-- Generated by org.testng.reporters.JUnitReportReporter -->
<testsuite hostname="DESKTOP-9CKIDE8" failures="0" tests="1" name="Runner.TestRunner" time="13.874" errors="0" timestamp="2025-09-07T20:46:07 IST" skipped="0">
  <testcase classname="Runner.TestRunner" name="runScenario" time="13.874"/>
</testsuite> <!-- Runner.TestRunner -->
