<?xml version="1.0" encoding="UTF-8"?>
<!-- Generated by org.testng.reporters.JUnitReportReporter -->
<testsuite hostname="DESKTOP-9CKIDE8" failures="0" tests="1" name="StepDefinition.StepDefinition" time="5.023" errors="0" timestamp="2025-08-08T01:04:39 IST" skipped="0">
  <testcase classname="StepDefinition.StepDefinition" name="delfunction" time="5.023"/>
</testsuite> <!-- StepDefinition.StepDefinition -->
