<?xml version="1.0" encoding="UTF-8"?>
<!-- Generated by org.testng.reporters.JUnitReportReporter -->
<testsuite hostname="DESKTOP-9CKIDE8" failures="0" tests="1" name="StepDefinition.Hooks" time="6.116" errors="0" timestamp="2025-08-12T20:31:11 IST" skipped="0">
  <testcase classname="StepDefinition.Hooks" name="cleanUp" time="6.116"/>
</testsuite> <!-- StepDefinition.Hooks -->
