<?xml version="1.0" encoding="UTF-8"?>
<!-- Generated by org.testng.reporters.JUnitReportReporter -->
<testsuite hostname="DESKTOP-9CKIDE8" failures="0" tests="2" name="Runner.TestRunner" time="12.210" errors="0" timestamp="2025-08-13T00:20:52 IST" skipped="0">
  <testcase classname="Runner.TestRunner" name="runScenario" time="11.044"/>
  <testcase classname="Runner.TestRunner" name="runScenario" time="1.166"/>
</testsuite> <!-- Runner.TestRunner -->
