<?xml version="1.0" encoding="UTF-8"?>
<!-- Generated by org.testng.reporters.JUnitReportReporter -->
<testsuite hostname="DESKTOP-9CKIDE8" failures="0" tests="1" name="Runner.TestRunner" time="9.751" errors="0" timestamp="2025-08-13T18:53:18 IST" skipped="0">
  <testcase classname="Runner.TestRunner" name="runScenario" time="9.751"/>
</testsuite> <!-- Runner.TestRunner -->
